0 info it worked if it ends with ok
1 verbose cli [ 'C:\\Program Files\\nodejs\\node.exe',
1 verbose cli   'C:\\Users\\Administrator\\AppData\\Roaming\\npm\\node_modules\\npm\\bin\\npm-cli.js',
1 verbose cli   'run',
1 verbose cli   'publish' ]
2 info using npm@4.0.5
3 info using node@v4.2.2
4 verbose run-script [ 'prepublish', 'publish', 'postpublish' ]
5 info lifecycle mk-sass-variables-loader@0.0.4~prepublish: mk-sass-variables-loader@0.0.4
6 silly lifecycle mk-sass-variables-loader@0.0.4~prepublish: no script for prepublish, continuing
7 info lifecycle mk-sass-variables-loader@0.0.4~publish: mk-sass-variables-loader@0.0.4
8 verbose lifecycle mk-sass-variables-loader@0.0.4~publish: unsafe-perm in lifecycle true
9 verbose lifecycle mk-sass-variables-loader@0.0.4~publish: PATH: C:\Users\Administrator\AppData\Roaming\npm\node_modules\npm\bin\node-gyp-bin;E:\h5\sass-vars-loader\node_modules\.bin;C:\ProgramData\Oracle\Java\javapath;C:\Program Files (x86)\Common Files\NetSarang;C:\Windows\system32;C:\Windows;C:\Windows\System32\Wbem;C:\Windows\System32\WindowsPowerShell\v1.0\;C:\Program Files (x86)\NVIDIA Corporation\PhysX\Common;C:\Program Files\nodejs\;C:\WINDOWS\system32;C:\WINDOWS;C:\WINDOWS\System32\Wbem;C:\WINDOWS\System32\WindowsPowerShell\v1.0\;C:\Program Files\Git\cmd;C:\wamp64\bin\php\php7.0.10;C:\ProgramData\ComposerSetup\bin;C:\Program Files\Microsoft SQL Server\120\Tools\Binn\;C:\Program Files\Microsoft SQL Server\130\Tools\Binn\;C:\Program Files (x86)\Windows Kits\10\Windows Performance Toolkit\;C:\Program Files (x86)\Common Files\Apple\Apple Application Support;C:\ProgramData\ThinkSky\iTools\Driver;C:\Program Files\Redis\;C:\Go\bin;C:\GOPATH\bin;C:\HashiCorp\Vagrant\bin;C:\Users\Administrator\AppData\Roaming\npm;C:\Users\Administrator\AppData\Roaming\Composer\vendor\bin;C:\Python27;C:\Python27\Lib\site-packages\;C:\Python27\Scripts\;C:\Users\Administrator\AppData\Local\Microsoft\WindowsApps;C:\Program Files (x86)\Microsoft VS Code\bin
10 verbose lifecycle mk-sass-variables-loader@0.0.4~publish: CWD: E:\h5\sass-vars-loader
11 silly lifecycle mk-sass-variables-loader@0.0.4~publish: Args: [ '/d /s /c', 'npm run test && npm run build && npm publish' ]
12 silly lifecycle mk-sass-variables-loader@0.0.4~publish: Returned: code: 1  signal: null
13 info lifecycle mk-sass-variables-loader@0.0.4~publish: Failed to exec publish script
14 verbose stack Error: mk-sass-variables-loader@0.0.4 publish: `npm run test && npm run build && npm publish`
14 verbose stack Exit status 1
14 verbose stack     at EventEmitter.<anonymous> (C:\Users\Administrator\AppData\Roaming\npm\node_modules\npm\lib\utils\lifecycle.js:279:16)
14 verbose stack     at emitTwo (events.js:87:13)
14 verbose stack     at EventEmitter.emit (events.js:172:7)
14 verbose stack     at ChildProcess.<anonymous> (C:\Users\Administrator\AppData\Roaming\npm\node_modules\npm\lib\utils\spawn.js:40:14)
14 verbose stack     at emitTwo (events.js:87:13)
14 verbose stack     at ChildProcess.emit (events.js:172:7)
14 verbose stack     at maybeClose (internal/child_process.js:818:16)
14 verbose stack     at Process.ChildProcess._handle.onexit (internal/child_process.js:211:5)
15 verbose pkgid mk-sass-variables-loader@0.0.4
16 verbose cwd E:\h5\sass-vars-loader
17 error Windows_NT 10.0.14393
18 error argv "C:\\Program Files\\nodejs\\node.exe" "C:\\Users\\Administrator\\AppData\\Roaming\\npm\\node_modules\\npm\\bin\\npm-cli.js" "run" "publish"
19 error node v4.2.2
20 error npm  v4.0.5
21 error code ELIFECYCLE
22 error mk-sass-variables-loader@0.0.4 publish: `npm run test && npm run build && npm publish`
22 error Exit status 1
23 error Failed at the mk-sass-variables-loader@0.0.4 publish script 'npm run test && npm run build && npm publish'.
23 error Make sure you have the latest version of node.js and npm installed.
23 error If you do, this is most likely a problem with the mk-sass-variables-loader package,
23 error not with npm itself.
23 error Tell the author that this fails on your system:
23 error     npm run test && npm run build && npm publish
23 error You can get information on how to open an issue for this project with:
23 error     npm bugs mk-sass-variables-loader
23 error Or if that isn't available, you can get their info via:
23 error     npm owner ls mk-sass-variables-loader
23 error There is likely additional logging output above.
24 verbose exit [ 1, true ]
